<?xml version="1.0" encoding="UTF-8"?>
<!-- Generated by org.testng.reporters.JUnitReportReporter -->
<testsuite skipped="0" hostname="codeLover.fios-router.home" name="TestRunner.TC01_Login" tests="1" failures="0" timestamp="12 May 2018 23:06:32 GMT" time="4.765" errors="0">
  <testcase name="feature" time="4.765" classname="TestRunner.TC01_Login"/>
</testsuite> <!-- TestRunner.TC01_Login -->
