<?xml version="1.0" encoding="UTF-8"?>
<!-- Generated by org.testng.reporters.JUnitReportReporter -->
<testsuite skipped="0" hostname="codeLover.local" name="TestRunner.TC01_Login" tests="1" failures="0" timestamp="07 May 2018 13:21:13 GMT" time="4.872" errors="0">
  <testcase name="feature" time="4.872" classname="TestRunner.TC01_Login"/>
</testsuite> <!-- TestRunner.TC01_Login -->
