<?xml version="1.0" encoding="UTF-8"?>
<!-- Generated by org.testng.reporters.JUnitReportReporter -->
<testsuite skipped="0" hostname="codeLover.local" name="TestRunner.TC02_Login" tests="1" failures="0" timestamp="07 May 2018 13:21:13 GMT" time="3.185" errors="0">
  <testcase name="feature" time="3.185" classname="TestRunner.TC02_Login"/>
</testsuite> <!-- TestRunner.TC02_Login -->
